----------

Tue Sep 15 2020 20:15:29 GMT-0400 (Eastern Daylight Time)

/Users/luke/OneDrive/OneDrive - Florida Institute of Technology/Personal/Spring Break 2021/export.sh: line 3: cd: /Users/luke/OneDrive/OneDrive: No such file or directory


----------

Tue Sep 15 2020 20:15:30 GMT-0400 (Eastern Daylight Time)

fatal: not a git repository (or any of the parent directories): .git


----------

Tue Sep 15 2020 20:15:30 GMT-0400 (Eastern Daylight Time)

fatal: not a git repository (or any of the parent directories): .git


----------

Tue Sep 15 2020 20:15:30 GMT-0400 (Eastern Daylight Time)

fatal: not a git repository (or any of the parent directories): .git


----------

Tue Sep 15 2020 20:16:11 GMT-0400 (Eastern Daylight Time)

/Users/luke/OneDrive/OneDrive - Florida Institute of Technology/Personal/Spring Break 2021/export.sh: line 3: cd: lukejb14: No such file or directory


----------

Tue Sep 15 2020 20:16:11 GMT-0400 (Eastern Daylight Time)

fatal: not a git repository (or any of the parent directories): .git


----------

Tue Sep 15 2020 20:16:11 GMT-0400 (Eastern Daylight Time)

fatal: not a git repository (or any of the parent directories): .git


----------

Tue Sep 15 2020 20:16:11 GMT-0400 (Eastern Daylight Time)

fatal: not a git repository (or any of the parent directories): .git


